0 verbose cli C:\Program Files\nodejs\node.exe C:\Program Files\nodejs\node_modules\npm\bin\npm-cli.js
1 info using npm@11.13.0
2 info using node@v26.2.0
3 silly config load:file:C:\Program Files\nodejs\node_modules\npm\npmrc
4 silly config load:file:F:\Me\Projects\inventory-sales\api\.npmrc
5 silly config load:file:C:\Users\Daenhel\.npmrc
6 silly config load:file:C:\Users\Daenhel\AppData\Roaming\npm\etc\npmrc
7 verbose title npm install
8 verbose argv "install" "--cache" ".\\.npm-cache" "--offline" "false" "--prefer-online"
9 verbose logfile logs-max:10 dir:F:\Me\Projects\inventory-sales\api\.npm-cache\_logs\2026-07-16T08_19_15_452Z-
10 verbose logfile F:\Me\Projects\inventory-sales\api\.npm-cache\_logs\2026-07-16T08_19_15_452Z-debug-0.log
11 silly logfile done cleaning log files
12 silly packumentCache heap:4395630592 maxSize:1098907648 maxEntrySize:549453824
13 silly idealTree buildDeps
14 silly fetch manifest @nestjs/jwt@^11.0.0
15 silly packumentCache full:https://registry.npmjs.org/@nestjs%2fjwt cache-miss
16 http fetch GET https://registry.npmjs.org/@nestjs%2fjwt attempt 1 failed with ECONNREFUSED
17 http fetch GET https://registry.npmjs.org/@nestjs%2fjwt attempt 2 failed with ECONNREFUSED
18 http fetch GET https://registry.npmjs.org/@nestjs%2fjwt attempt 3 failed with ECONNREFUSED
19 silly fetch manifest @nestjs/passport@^11.0.5
20 silly packumentCache full:https://registry.npmjs.org/@nestjs%2fpassport cache-miss
21 http fetch GET https://registry.npmjs.org/@nestjs%2fpassport attempt 1 failed with ECONNREFUSED
22 http fetch GET https://registry.npmjs.org/@nestjs%2fpassport attempt 2 failed with ECONNREFUSED
23 http fetch GET https://registry.npmjs.org/@nestjs%2fpassport attempt 3 failed with ECONNREFUSED
24 silly fetch manifest @prisma/client@^6.13.0
25 silly packumentCache full:https://registry.npmjs.org/@prisma%2fclient cache-miss
26 http fetch GET https://registry.npmjs.org/@prisma%2fclient attempt 1 failed with ECONNREFUSED
27 http fetch GET https://registry.npmjs.org/@prisma%2fclient attempt 2 failed with ECONNREFUSED
28 http fetch GET https://registry.npmjs.org/@prisma%2fclient attempt 3 failed with ECONNREFUSED
29 silly fetch manifest bcrypt@^6.0.0
30 silly packumentCache full:https://registry.npmjs.org/bcrypt cache-miss
31 http fetch GET https://registry.npmjs.org/bcrypt attempt 1 failed with ECONNREFUSED
32 http fetch GET https://registry.npmjs.org/bcrypt attempt 2 failed with ECONNREFUSED
33 http fetch GET https://registry.npmjs.org/bcrypt attempt 3 failed with ECONNREFUSED
34 silly fetch manifest passport@^0.7.0
35 silly packumentCache full:https://registry.npmjs.org/passport cache-miss
36 http fetch GET https://registry.npmjs.org/passport attempt 1 failed with ECONNREFUSED
37 http fetch GET https://registry.npmjs.org/passport attempt 2 failed with ECONNREFUSED
38 http fetch GET https://registry.npmjs.org/passport attempt 3 failed with ECONNREFUSED
39 silly fetch manifest passport-jwt@^4.0.1
40 silly packumentCache full:https://registry.npmjs.org/passport-jwt cache-miss
41 http fetch GET https://registry.npmjs.org/passport-jwt attempt 1 failed with ECONNREFUSED
42 http fetch GET https://registry.npmjs.org/passport-jwt attempt 2 failed with ECONNREFUSED
43 http fetch GET https://registry.npmjs.org/passport-jwt attempt 3 failed with ECONNREFUSED
44 silly fetch manifest @types/bcrypt@^6.0.0
45 silly packumentCache full:https://registry.npmjs.org/@types%2fbcrypt cache-miss
46 http fetch GET https://registry.npmjs.org/@types%2fbcrypt attempt 1 failed with ECONNREFUSED
47 http fetch GET https://registry.npmjs.org/@types%2fbcrypt attempt 2 failed with ECONNREFUSED
48 http fetch GET https://registry.npmjs.org/@types%2fbcrypt attempt 3 failed with ECONNREFUSED
49 silly fetch manifest @types/passport-jwt@^4.0.1
50 silly packumentCache full:https://registry.npmjs.org/@types%2fpassport-jwt cache-miss
51 http fetch GET https://registry.npmjs.org/@types%2fpassport-jwt attempt 1 failed with ECONNREFUSED
52 http fetch GET https://registry.npmjs.org/@types%2fpassport-jwt attempt 2 failed with ECONNREFUSED
53 http fetch GET https://registry.npmjs.org/@types%2fpassport-jwt attempt 3 failed with ECONNREFUSED
54 silly placeDep ROOT @nestjs/jwt@ OK for: inventory-sales-api@0.1.0 want: ^11.0.0
55 silly placeDep ROOT @nestjs/passport@ OK for: inventory-sales-api@0.1.0 want: ^11.0.5
56 silly placeDep ROOT @prisma/client@ OK for: inventory-sales-api@0.1.0 want: ^6.13.0
57 silly placeDep ROOT @types/bcrypt@ OK for: inventory-sales-api@0.1.0 want: ^6.0.0
58 silly placeDep ROOT @types/passport-jwt@ OK for: inventory-sales-api@0.1.0 want: ^4.0.1
59 silly placeDep ROOT bcrypt@ OK for: inventory-sales-api@0.1.0 want: ^6.0.0
60 silly placeDep ROOT passport@ OK for: inventory-sales-api@0.1.0 want: ^0.7.0
61 silly placeDep ROOT passport-jwt@ OK for: inventory-sales-api@0.1.0 want: ^4.0.1
62 verbose type system
63 verbose stack FetchError: request to https://registry.npmjs.org/@nestjs%2fjwt failed, reason: connect ECONNREFUSED 127.0.0.1:9
63 verbose stack     at ClientRequest.<anonymous> (C:\Program Files\nodejs\node_modules\npm\node_modules\minipass-fetch\lib\index.js:130:14)
63 verbose stack     at ClientRequest.emit (node:events:509:20)
63 verbose stack     at emitErrorEvent (node:_http_client:109:11)
63 verbose stack     at _destroy (node:_http_client:993:9)
63 verbose stack     at onSocketNT (node:_http_client:1014:5)
63 verbose stack     at process.processTicksAndRejections (node:internal/process/task_queues:91:21)
64 error code ECONNREFUSED
65 error syscall connect
66 error errno ECONNREFUSED
67 error FetchError: request to https://registry.npmjs.org/@nestjs%2fjwt failed, reason: connect ECONNREFUSED 127.0.0.1:9
67 error     at ClientRequest.<anonymous> (C:\Program Files\nodejs\node_modules\npm\node_modules\minipass-fetch\lib\index.js:130:14)
67 error     at ClientRequest.emit (node:events:509:20)
67 error     at emitErrorEvent (node:_http_client:109:11)
67 error     at _destroy (node:_http_client:993:9)
67 error     at onSocketNT (node:_http_client:1014:5)
67 error     at process.processTicksAndRejections (node:internal/process/task_queues:91:21) {
67 error   code: 'ECONNREFUSED',
67 error   errno: 'ECONNREFUSED',
67 error   syscall: 'connect',
67 error   address: '127.0.0.1',
67 error   port: 9,
67 error   type: 'system',
67 error   requiredBy: '.'
67 error }
68 error
68 error If you are behind a proxy, please make sure that the 'proxy' config is set properly.  See: 'npm help config'
69 silly unfinished npm timer reify 1784189956505
70 silly unfinished npm timer reify:loadTrees 1784189956506
71 verbose cwd F:\Me\Projects\inventory-sales\api
72 verbose os Windows_NT 10.0.26100
73 verbose node v26.2.0
74 verbose npm  v11.13.0
75 verbose exit 1
76 verbose code 1
77 error A complete log of this run can be found in: F:\Me\Projects\inventory-sales\api\.npm-cache\_logs\2026-07-16T08_19_15_452Z-debug-0.log
